<?xml version="1.0" encoding="UTF-8"?>
<testsuites>
  <testsuite name="" tests="7" assertions="107" failures="0" errors="0" time="0.034776">
    <testsuite name="TypoGeneratorTest" file="/home/michel/Dev/php/TyposGenerator/tests/TypoGeneratorTest.php" tests="7" assertions="107" failures="0" errors="0" time="0.034776">
      <testcase name="testWrongOptions" class="TypoGeneratorTest" file="/home/michel/Dev/php/TyposGenerator/tests/TypoGeneratorTest.php" line="12" assertions="1" time="0.003725"/>
      <testcase name="testWrongKeys" class="TypoGeneratorTest" file="/home/michel/Dev/php/TyposGenerator/tests/TypoGeneratorTest.php" line="19" assertions="48" time="0.004062"/>
      <testcase name="testMissedChars" class="TypoGeneratorTest" file="/home/michel/Dev/php/TyposGenerator/tests/TypoGeneratorTest.php" line="31" assertions="4" time="0.001600"/>
      <testcase name="testTransposedChars" class="TypoGeneratorTest" file="/home/michel/Dev/php/TyposGenerator/tests/TypoGeneratorTest.php" line="42" assertions="4" time="0.001664"/>
      <testcase name="testDoubleChars" class="TypoGeneratorTest" file="/home/michel/Dev/php/TyposGenerator/tests/TypoGeneratorTest.php" line="56" assertions="5" time="0.001551"/>
      <testcase name="testFlipBits" class="TypoGeneratorTest" file="/home/michel/Dev/php/TyposGenerator/tests/TypoGeneratorTest.php" line="70" assertions="40" time="0.004575"/>
      <testcase name="testGenerateHomophones" class="TypoGeneratorTest" file="/home/michel/Dev/php/TyposGenerator/tests/TypoGeneratorTest.php" line="82" assertions="5" time="0.017599"/>
    </testsuite>
  </testsuite>
</testsuites>
